<?xml version="1.0" encoding="UTF-8"?>
<!-- Generated by org.testng.reporters.JUnitReportReporter -->
<testsuite hostname="DESKTOP-GV8RDT5" failures="0" tests="1" name="Assignment1.Assignment1.LoginPageTest" time="3.978" errors="0" timestamp="22 Feb 2021 12:34:52 GMT" skipped="0">
  <testcase classname="Assignment1.Assignment1.LoginPageTest" name="NaviGateReview" time="3.978"/>
</testsuite> <!-- Assignment1.Assignment1.LoginPageTest -->
