<?xml version="1.0" encoding="UTF-8"?>
<!-- Generated by org.testng.reporters.JUnitReportReporter -->
<testsuite hostname="DESKTOP-GV8RDT5" failures="0" tests="1" name="Assignment1.Assignment1.ReviewPageTest" time="28.882" errors="0" timestamp="22 Feb 2021 15:32:53 GMT" skipped="0">
  <testcase classname="Assignment1.Assignment1.ReviewPageTest" name="NaviGateReview" time="28.882"/>
</testsuite> <!-- Assignment1.Assignment1.ReviewPageTest -->
